2026-06-15 13:03:56,908 [      9]   INFO - #c.i.p.i.b.AppStarter - ------------------------------------------------------ IDE STARTED ------------------------------------------------------
2026-06-15 13:03:56,908 [      9]   INFO - #c.i.i.p.PluginManager - Plugin PluginDescriptor(name=Groovy, id=org.intellij.groovy, descriptorPath=plugin.xml, path=~/.gradle/caches/modules-2/files-2.1/com.jetbrains.intellij.idea/ideaIC/2023.3/6105b81c6142f62379ad6c5afb542c77350a71eb/ideaIC-2023.3/plugins/Groovy, version=233.11799.241, package=org.jetbrains.plugins.groovy, isBundled=true) misses optional descriptor duplicates-detection-groovy.xml
2026-06-15 13:03:56,914 [     15]   INFO - #c.i.u.EnvironmentUtil - loading shell env is skipped: IDE has been launched from a terminal (SHLVL=1)
2026-06-15 13:03:56,924 [     25]   INFO - #c.i.u.i.PageCacheUtils - File page caching params:
2026-06-15 13:03:56,925 [     26]   INFO - #c.i.u.i.PageCacheUtils - 	DEFAULT_PAGE_SIZE: 10485760
2026-06-15 13:03:56,925 [     26]   INFO - #c.i.u.i.PageCacheUtils - 	Direct memory to use, max: 2126512128
2026-06-15 13:03:56,925 [     26]   INFO - #c.i.u.i.PageCacheUtils - 	FilePageCache: regular + lock-free (LOCK_FREE_PAGE_CACHE_ENABLED:true)
2026-06-15 13:03:56,925 [     26]   INFO - #c.i.u.i.PageCacheUtils - 	NEW_PAGE_CACHE_MEMORY_FRACTION: 0.20000000298023224
2026-06-15 13:03:56,926 [     27]   INFO - #c.i.u.i.PageCacheUtils - 	Regular FilePageCache: 503316478 bytes
2026-06-15 13:03:56,926 [     27]   INFO - #c.i.u.i.PageCacheUtils - 	New     FilePageCache: 125829122 bytes (+ up to 10.0% overflow)
2026-06-15 13:03:56,926 [     27]   INFO - #c.i.u.i.PageCacheUtils - 	DirectByteBuffers pool: 104857600 bytes
2026-06-15 13:03:56,951 [     52]   INFO - #c.i.i.p.PluginManager - Module intellij.sh.python is not enabled because dependency com.intellij.modules.python is not available
Module intellij.space.gateway is not enabled because dependency com.jetbrains.gateway is not available
Module intellij.space.php is not enabled because dependency com.jetbrains.php is not available
Module intellij.groovy/ant is not enabled because dependency AntSupport is not available
Module intellij.space.index is not enabled because dependency intellij.indexing.shared is not available
Module intellij.qodana.jvm.swagger is not enabled because dependency com.intellij.swagger is not available
Module intellij.qodana.python is not enabled because dependency Pythonid is not available
Module intellij.qodana.php is not enabled because dependency com.jetbrains.php is not available
Module intellij.qodana.js is not enabled because dependency JavaScript is not available
Module intellij.packageChecker.python is not enabled because dependency com.intellij.modules.python is not available
Module intellij.packageChecker.javascript is not enabled because dependency JavaScript is not available
Module intellij.packageChecker.go is not enabled because dependency org.jetbrains.plugins.go is not available
2026-06-15 13:03:56,958 [     59]   INFO - #c.i.i.p.PluginManager - Loaded bundled plugins: Eclipse Keymap (233.11799.241), Maven (233.11799.241), Mercurial (233.11799.241), Images (233.11799.241), Machine Learning in Search Everywhere (233.11799.241), Bytecode Viewer (233.11799.241), Gradle Dependency Updater Implementation (233.11799.241), Kotlin (233.11799.241-IJ), JetBrains maven model api classes (233.11799.241), Java IDE Customization (233.11799.241), Maven server api classes (233.11799.241), NetBeans Keymap (233.11799.241), Eclipse Interoperability (233.11799.241), EditorConfig (233.11799.241), intellij.platform.ijent.impl (233.11799.241), Performance Testing (233.11799.241), Groovy (233.11799.241), Java Bytecode Decompiler (233.11799.241), Turbo Complete (233.11799.241), Task Management (233.11799.241), com.intellij.dev (233.11799.241), WebP Support (233.11799.241), IDEA CORE (233.11799.241), Gradle-Java-Analysis (233.11799.241), Settings Sync (233.11799.241), JetBrains Repository Search (233.11799.241), Grazie Lite (233.11799.241), Terminal (233.11799.241), Qodana (233.11799.241), TextMate Bundles (233.11799.241), Emoji Picker (233.11799.241), Java Stream Debugger (233.11799.241), HTML Tools (233.11799.241), Shell Script (233.11799.241), Java Internationalization (233.11799.241), com.intellij.tracing.ide (233.11799.241), Perforce Helix Core (233.11799.241), JetBrains Marketplace Licensing (233.11799.241), Machine Learning Code Completion (233.11799.241), Gradle DSL API (233.11799.241), Package Checker (233.11799.241), Gradle (233.11799.241), Gradle-Java (233.11799.241), Copyright (233.11799.241), Async Profiler for IDE Performance Testing (233.11799.241), JavaFX (233.11799.241), Markdown (233.11799.241), Code Coverage for Java (233.11799.241), YAML (233.11799.241), Code With Me (233.11799.241), Toml (233.11799.241), IntelliLang (233.11799.241), Visual Studio Keymap (233.11799.241), GitLab (233.11799.241), Gradle-Maven (233.11799.241), TestNG (233.11799.241), Java (233.11799.241), Git (233.11799.241), Subversion (233.11799.241), Properties (233.11799.241), Shared Indexes (233.11799.241), IDE Features Trainer (233.11799.241), UI Designer (233.11799.241), JUnit (233.11799.241), GitHub (233.11799.241), Space (233.11799.241), Configuration Script (233.11799.241)
2026-06-15 13:03:56,959 [     60]   INFO - #c.i.i.p.PluginManager - Loaded custom plugins: Animoria (0.2.0)
2026-06-15 13:03:57,809 [    910]   INFO - #c.i.p.i.b.AppStarter - JNA library (64-bit) loaded in 896 ms
2026-06-15 13:03:57,810 [    911]   INFO - #c.i.p.i.b.AppStarter - IDE: IntelliJ IDEA (build #IC-233.11799.241, Sat, 2 Dec 2023 05:05:00 GMT)
2026-06-15 13:03:57,810 [    911]   INFO - #c.i.p.i.b.AppStarter - OS: Mac OS X (26.1)
2026-06-15 13:03:57,810 [    911]   INFO - #c.i.p.i.b.AppStarter - JRE: 17.0.9+7-b1087.7, aarch64 (JetBrains s.r.o.)
2026-06-15 13:03:57,810 [    911]   INFO - #c.i.p.i.b.AppStarter - JVM: 17.0.9+7-b1087.7 (OpenJDK 64-Bit Server VM)
2026-06-15 13:03:57,812 [    913]   INFO - #c.i.p.i.b.AppStarter - PID: 21725
2026-06-15 13:03:57,822 [    923]   INFO - #c.i.p.i.b.AppStarter - JVM options: [-Daether.connector.resumeDownloads=false, -Dapple.awt.application.appearance=system, -Dapple.awt.fileDialogForDirectories=true, -Dapple.laf.useScreenMenuBar=true, -Didea.auto.reload.plugins=true, -Didea.classpath.index.enabled=false, -Didea.config.path=/Users/ti/IdeaProjects/Animoria/packages/animoria-jetbrains/build/idea-sandbox/config, -Didea.is.internal=true, -Didea.log.path=/Users/ti/IdeaProjects/Animoria/packages/animoria-jetbrains/build/idea-sandbox/system/log, -Didea.paths.selector=IdeaIC2023.3, -Didea.platform.prefix=Idea, -Didea.plugin.in.sandbox.mode=true, -Didea.plugins.path=/Users/ti/IdeaProjects/Animoria/packages/animoria-jetbrains/build/idea-sandbox/plugins, -Didea.required.plugins.id=com.sxnnyside.animoria, -Didea.smooth.progress=false, -Didea.system.path=/Users/ti/IdeaProjects/Animoria/packages/animoria-jetbrains/build/idea-sandbox/system, -Didea.vendor.name=JetBrains, -Dintellij.platform.runtime.repository.path=/Users/ti/.gradle/caches/modules-2/files-2.1/com.jetbrains.intellij.idea/ideaIC/2023.3/6105b81c6142f62379ad6c5afb542c77350a71eb/ideaIC-2023.3/modules/module-descriptors.jar, -Djava.system.class.loader=com.intellij.util.lang.PathClassLoader, -Djbr.catch.SIGABRT=true, -Djdk.attach.allowAttachSelf=true, -Djdk.http.auth.tunneling.disabledSchemes="", -Djdk.module.illegalAccess.silent=true, -Djna.boot.library.path=/Users/ti/.gradle/caches/modules-2/files-2.1/com.jetbrains.intellij.idea/ideaIC/2023.3/6105b81c6142f62379ad6c5afb542c77350a71eb/ideaIC-2023.3/lib/jna/aarch64, -Djna.noclasspath=true, -Djna.nosys=true, -Dpty4j.preferred.native.folder=/Users/ti/.gradle/caches/modules-2/files-2.1/com.jetbrains.intellij.idea/ideaIC/2023.3/6105b81c6142f62379ad6c5afb542c77350a71eb/ideaIC-2023.3/lib/pty4j, -Dsplash=true, -Dsun.io.useCanonCaches=false, -Dsun.java2d.metal=true, -XX:ReservedCodeCacheSize=512m, -XX:+UseG1GC, -XX:SoftRefLRUPolicyMSPerMB=50, -XX:CICompilerCount=2, -XX:+HeapDumpOnOutOfMemoryError, -XX:-OmitStackTraceInFastThrow, -XX:+IgnoreUnrecognizedVMOptions, -XX:CompileCommand=exclude,com/intellij/openapi/vfs/impl/FilePartNodeRoot,trieDescend, -javaagent:/Users/ti/IdeaProjects/Animoria/packages/animoria-jetbrains/build/tmp/initializeIntelliJPlugin/coroutines-javaagent.jar, --add-opens=java.base/java.io=ALL-UNNAMED, --add-opens=java.base/java.lang=ALL-UNNAMED, --add-opens=java.base/java.lang.ref=ALL-UNNAMED, --add-opens=java.base/java.lang.reflect=ALL-UNNAMED, --add-opens=java.base/java.net=ALL-UNNAMED, --add-opens=java.base/java.nio=ALL-UNNAMED, --add-opens=java.base/java.nio.charset=ALL-UNNAMED, --add-opens=java.base/java.text=ALL-UNNAMED, --add-opens=java.base/java.time=ALL-UNNAMED, --add-opens=java.base/java.util=ALL-UNNAMED, --add-opens=java.base/java.util.concurrent=ALL-UNNAMED, --add-opens=java.base/java.util.concurrent.atomic=ALL-UNNAMED, --add-opens=java.base/java.util.concurrent.locks=ALL-UNNAMED, --add-opens=java.base/jdk.internal.vm=ALL-UNNAMED, --add-opens=java.base/sun.nio.ch=ALL-UNNAMED, --add-opens=java.base/sun.nio.fs=ALL-UNNAMED, --add-opens=java.base/sun.security.ssl=ALL-UNNAMED, --add-opens=java.base/sun.security.util=ALL-UNNAMED, --add-opens=java.base/sun.net.dns=ALL-UNNAMED, --add-opens=java.desktop/com.apple.eawt=ALL-UNNAMED, --add-opens=java.desktop/com.apple.eawt.event=ALL-UNNAMED, --add-opens=java.desktop/com.apple.laf=ALL-UNNAMED, --add-opens=java.desktop/java.awt=ALL-UNNAMED, --add-opens=java.desktop/java.awt.dnd.peer=ALL-UNNAMED, --add-opens=java.desktop/java.awt.event=ALL-UNNAMED, --add-opens=java.desktop/java.awt.image=ALL-UNNAMED, --add-opens=java.desktop/java.awt.peer=ALL-UNNAMED, --add-opens=java.desktop/java.awt.font=ALL-UNNAMED, --add-opens=java.desktop/javax.swing=ALL-UNNAMED, --add-opens=java.desktop/javax.swing.plaf.basic=ALL-UNNAMED, --add-opens=java.desktop/javax.swing.text.html=ALL-UNNAMED, --add-opens=java.desktop/sun.awt.datatransfer=ALL-UNNAMED, --add-opens=java.desktop/sun.awt.image=ALL-UNNAMED, --add-opens=java.desktop/sun.awt=ALL-UNNAMED, --add-opens=java.desktop/sun.font=ALL-UNNAMED, --add-opens=java.desktop/sun.java2d=ALL-UNNAMED, --add-opens=java.desktop/sun.lwawt=ALL-UNNAMED, --add-opens=java.desktop/sun.lwawt.macosx=ALL-UNNAMED, --add-opens=java.desktop/sun.swing=ALL-UNNAMED, --add-opens=java.desktop/com.sun.java.swing=ALL-UNNAMED, --add-opens=jdk.attach/sun.tools.attach=ALL-UNNAMED, --add-opens=jdk.compiler/com.sun.tools.javac.api=ALL-UNNAMED, --add-opens=jdk.internal.jvmstat/sun.jvmstat.monitor=ALL-UNNAMED, --add-opens=jdk.jdi/com.sun.tools.jdi=ALL-UNNAMED, -Xms128m, -Xmx2048m, -Dfile.encoding=UTF-8, -Duser.country=001, -Duser.language=es, -Duser.variant, -ea]
2026-06-15 13:03:57,822 [    923]   INFO - #c.i.p.i.b.AppStarter - args: traverseUI /Users/ti/IdeaProjects/Animoria/packages/animoria-jetbrains/build/searchableOptions true
2026-06-15 13:03:57,822 [    923]   INFO - #c.i.p.i.b.AppStarter - library path: /Users/ti/Library/Java/Extensions:/Library/Java/Extensions:/Network/Library/Java/Extensions:/System/Library/Java/Extensions:/usr/lib/java:.
2026-06-15 13:03:57,822 [    923]   INFO - #c.i.p.i.b.AppStarter - boot library path: /Users/ti/.gradle/caches/modules-2/files-2.1/com.jetbrains/jbre/jbr_jcef-17.0.9-osx-aarch64-b1087.7/extracted/jbr_jcef-17.0.9-osx-aarch64-b1087.7/Contents/Home/lib
2026-06-15 13:03:57,825 [    926]   INFO - #c.i.p.i.b.AppStarter - locale=es_001 JNU=UTF-8 file.encoding=UTF-8
    idea.config.path=/Users/ti/IdeaProjects/Animoria/packages/animoria-jetbrains/build/idea-sandbox/config
    idea.system.path=/Users/ti/IdeaProjects/Animoria/packages/animoria-jetbrains/build/idea-sandbox/system
    idea.plugins.path=/Users/ti/IdeaProjects/Animoria/packages/animoria-jetbrains/build/idea-sandbox/plugins
    idea.log.path=/Users/ti/IdeaProjects/Animoria/packages/animoria-jetbrains/build/idea-sandbox/system/log
2026-06-15 13:03:57,826 [    927]   INFO - #c.i.p.i.b.AppStarter - CPU cores: 14; ForkJoinPool.commonPool: java.util.concurrent.ForkJoinPool@61f22efc[Running, parallelism = 14, size = 0, active = 0, running = 0, steals = 0, tasks = 0, submissions = 0]; factory: com.intellij.concurrency.IdeaForkJoinWorkerThreadFactory@71e1a699
2026-06-15 13:03:57,899 [   1000]   INFO - #c.i.o.v.n.p.FSRecords - VFS health-check enabled: first after 600000 ms, and each following 43200000 ms
2026-06-15 13:03:57,920 [   1021]   INFO - #c.i.a.o.PathMacrosImpl - Loaded path macros: {MAVEN_REPOSITORY=/Users/ti/.m2/repository}
2026-06-15 13:03:57,922 [   1023]   WARN - #c.i.s.ComponentManagerImpl - `preload=true` must be used only for core services (service=com.jetbrains.rdserver.statistics.BackendStatisticsManager, plugin=com.jetbrains.codeWithMe)
2026-06-15 13:03:57,924 [   1025]   INFO - #c.i.i.p.ExpiredPluginsState - Plugins to skip: []
2026-06-15 13:03:57,938 [   1039]   INFO - #c.i.o.v.n.p.PersistentFSLoader - VFS uses 'fast' names enumerator (over mmapped file)
2026-06-15 13:03:57,938 [   1039]   INFO - #c.i.o.v.n.p.PersistentFSLoader - VFS uses streamlined attributes storage (over mmapped file)
2026-06-15 13:03:57,938 [   1039]   INFO - #c.i.o.v.n.p.PersistentFSLoader - VFS uses content storage over new FilePageCache
2026-06-15 13:03:57,939 [   1040]   INFO - #c.i.o.v.n.p.PersistentFSLoader - VFS uses content hash storage over mmapped file
2026-06-15 13:03:57,948 [   1049]   INFO - #c.j.r.p.c.C.I.b.Q - Start Wire Storage check: Check Wire Buffer Size
2026-06-15 13:03:57,982 [   1083]   INFO - #c.i.u.n.s.CertificateManager - Default SSL context initialized
2026-06-15 13:03:58,008 [   1109]   INFO - #o.j.i.BuiltInServerManager - built-in server started, port 63343
2026-06-15 13:03:58,200 [   1301]   INFO - #c.i.o.v.n.p.PersistentFSLoader - VFS: impl (expected) version=846656, 0 file records, 0 content blobs
2026-06-15 13:03:58,204 [   1305]   INFO - #c.i.o.v.n.p.FSRecordsImpl - VFS initialized: 271 ms, 0 failed attempts, 0 error(s) were recovered
2026-06-15 13:03:58,204 [   1305]   INFO - #c.i.o.v.n.p.FSRecordsImpl - VFS scanned: file-by-name index was populated
2026-06-15 13:03:58,222 [   1323]   WARN - #c.i.s.ComponentManagerImpl - com.intellij.psi.search.FilenameIndex initializer requests com.intellij.ide.plugins.PluginUtil instance
2026-06-15 13:03:58,225 [   1326]   INFO - #c.i.o.v.i.l.NativeFileWatcherImpl - Native file watcher is disabled
2026-06-15 13:03:58,271 [   1372]   INFO - #c.i.i.s.p.i.SharedIndexMainZipStorage - Shared Indexes Storage is opened and empty
2026-06-15 13:03:58,285 [   1386]   INFO - #JetprofileSource - No valid license found
2026-06-15 13:03:58,290 [   1391] SEVERE - #c.i.o.a.i.CoroutineExceptionHandlerImpl - Unhandled exception in [CoroutineId(111), "coroutine#111":StandaloneCoroutine{Cancelling}@4a21b61c, Dispatchers.Default]
java.util.ConcurrentModificationException
	at java.base/java.util.ArrayList$Itr.checkForComodification(ArrayList.java:1013)
	at java.base/java.util.ArrayList$Itr.next(ArrayList.java:967)
	at java.base/jdk.internal.reflect.GeneratedMethodAccessor11.invoke(Unknown Source)
	at java.base/jdk.internal.reflect.DelegatingMethodAccessorImpl.invoke(DelegatingMethodAccessorImpl.java:43)
	at java.base/java.lang.reflect.Method.invoke(Method.java:568)
	at com.b.I.b.b.s.b(s.java:191)
	at com.b.I.b.b.s.b(s.java:135)
	at java.base/jdk.internal.reflect.NativeMethodAccessorImpl.invoke0(Native Method)
	at java.base/jdk.internal.reflect.NativeMethodAccessorImpl.invoke(NativeMethodAccessorImpl.java:77)
	at java.base/jdk.internal.reflect.DelegatingMethodAccessorImpl.invoke(DelegatingMethodAccessorImpl.java:43)
	at java.base/java.lang.reflect.Method.invoke(Method.java:568)
	at com.b.I.b.Q.invokeSuspend(Q.java:18)
	at kotlin.coroutines.jvm.internal.BaseContinuationImpl.resumeWith(ContinuationImpl.kt:33)
	at kotlinx.coroutines.DispatchedTask.run(DispatchedTask.kt:108)
	at kotlinx.coroutines.scheduling.CoroutineScheduler.runSafely(CoroutineScheduler.kt:584)
	at kotlinx.coroutines.scheduling.CoroutineScheduler$Worker.executeTask(CoroutineScheduler.kt:793)
	at kotlinx.coroutines.scheduling.CoroutineScheduler$Worker.runWorker(CoroutineScheduler.kt:697)
	at kotlinx.coroutines.scheduling.CoroutineScheduler$Worker.run(CoroutineScheduler.kt:684)
2026-06-15 13:03:58,292 [   1393] SEVERE - #c.i.o.a.i.CoroutineExceptionHandlerImpl - IntelliJ IDEA 2023.3  Build #IC-233.11799.241
2026-06-15 13:03:58,292 [   1393] SEVERE - #c.i.o.a.i.CoroutineExceptionHandlerImpl - JDK: 17.0.9; VM: OpenJDK 64-Bit Server VM; Vendor: JetBrains s.r.o.
2026-06-15 13:03:58,293 [   1394] SEVERE - #c.i.o.a.i.CoroutineExceptionHandlerImpl - OS: Mac OS X
2026-06-15 13:03:58,293 [   1394] SEVERE - #c.i.o.a.i.CoroutineExceptionHandlerImpl - Last Action: 
2026-06-15 13:03:58,307 [   1408]   INFO - STDERR - Exception in thread "DefaultDispatcher-worker-5 @coroutine#111" java.util.ConcurrentModificationException
2026-06-15 13:03:58,307 [   1408]   INFO - STDERR - 	at java.base/java.util.ArrayList$Itr.checkForComodification(ArrayList.java:1013)
2026-06-15 13:03:58,307 [   1408]   INFO - STDERR - 	at java.base/java.util.ArrayList$Itr.next(ArrayList.java:967)
2026-06-15 13:03:58,307 [   1408]   INFO - STDERR - 	at java.base/jdk.internal.reflect.GeneratedMethodAccessor11.invoke(Unknown Source)
2026-06-15 13:03:58,308 [   1409]   INFO - STDERR - 	at java.base/jdk.internal.reflect.DelegatingMethodAccessorImpl.invoke(DelegatingMethodAccessorImpl.java:43)
2026-06-15 13:03:58,308 [   1409]   INFO - STDERR - 	at java.base/java.lang.reflect.Method.invoke(Method.java:568)
2026-06-15 13:03:58,308 [   1409]   INFO - STDERR - 	at com.b.I.b.b.s.b(s.java:191)
2026-06-15 13:03:58,308 [   1409]   INFO - STDERR - 	at com.b.I.b.b.s.b(s.java:135)
2026-06-15 13:03:58,308 [   1409]   INFO - STDERR - 	at java.base/jdk.internal.reflect.NativeMethodAccessorImpl.invoke0(Native Method)
2026-06-15 13:03:58,308 [   1409]   INFO - STDERR - 	at java.base/jdk.internal.reflect.NativeMethodAccessorImpl.invoke(NativeMethodAccessorImpl.java:77)
2026-06-15 13:03:58,308 [   1409]   INFO - STDERR - 	at java.base/jdk.internal.reflect.DelegatingMethodAccessorImpl.invoke(DelegatingMethodAccessorImpl.java:43)
2026-06-15 13:03:58,308 [   1409]   INFO - STDERR - 	at java.base/java.lang.reflect.Method.invoke(Method.java:568)
2026-06-15 13:03:58,308 [   1409]   INFO - STDERR - 	at com.b.I.b.Q.invokeSuspend(Q.java:18)
2026-06-15 13:03:58,308 [   1409]   INFO - STDERR - 	at kotlin.coroutines.jvm.internal.BaseContinuationImpl.resumeWith(ContinuationImpl.kt:33)
2026-06-15 13:03:58,309 [   1410]   INFO - STDERR - 	at kotlinx.coroutines.DispatchedTask.run(DispatchedTask.kt:108)
2026-06-15 13:03:58,309 [   1410]   INFO - STDERR - 	at kotlinx.coroutines.scheduling.CoroutineScheduler.runSafely(CoroutineScheduler.kt:584)
2026-06-15 13:03:58,309 [   1410]   INFO - STDERR - 	at kotlinx.coroutines.scheduling.CoroutineScheduler$Worker.executeTask(CoroutineScheduler.kt:793)
2026-06-15 13:03:58,309 [   1410]   INFO - STDERR - 	at kotlinx.coroutines.scheduling.CoroutineScheduler$Worker.runWorker(CoroutineScheduler.kt:697)
2026-06-15 13:03:58,309 [   1410]   INFO - STDERR - 	at kotlinx.coroutines.scheduling.CoroutineScheduler$Worker.run(CoroutineScheduler.kt:684)
2026-06-15 13:03:58,309 [   1410]   INFO - STDERR - 	Suppressed: kotlinx.coroutines.internal.DiagnosticCoroutineContextException: [CoroutineId(111), "coroutine#111":StandaloneCoroutine{Cancelling}@4a21b61c, Dispatchers.Default]
2026-06-15 13:03:58,383 [   1484]   INFO - #c.i.u.i.FileBasedIndexImpl - Indices to be built:TodoIndex(v = 13),xmlProperties(v = 2),org.jetbrains.kotlin.idea.base.indices.names.KotlinTopLevelClassLikeDeclarationByPackageShortNameIndex(v = 3),fileIncludes(v = 6),org.jetbrains.kotlin.idea.vfilefinder.KotlinJavaScriptMetaFileIndex(v = 4),FilenameIndex(v = 258),editorconfig.index.name(v = 5),filetypes(v = 4096),IdIndex(v = 22),HtmlTagIdIndex(v = 3),org.jetbrains.kotlin.idea.vfilefinder.KotlinClassFileIndex(v = 3),java.null.method.argument(v = 1),org.jetbrains.kotlin.idea.vfilefinder.KotlinShortClassNameFileIndex(v = 3),org.jetbrains.kotlin.idea.vfilefinder.KlibMetaFileIndex(v = 4),FrameworkDetectionIndex(v = 65536),html5.custom.attributes.index(v = 1),java.fun.expression(v = 6),SchemaTypeInheritance(v = 2),bytecodeAnalysis(v = 11),com.intellij.uiDesigner.FormClassIndex(v = 0),java.auto.module.name(v = 6),javafx.id.name(v = 3),java.source.module.name(v = 4),org.jetbrains.kotlin.idea.vfilefinder.KotlinStdlibIndex(v = 1),XmlNamespaces(v = 8),org.jetbrains.kotlin.idea.vfilefinder.KotlinBuiltInsMetadataIndex(v = 4),JavaFxControllerClassIndex(v = 1),org.jetbrains.kotlin.idea.vfilefinder.KotlinModuleMappingIndex(v = 5),org.jetbrains.kotlin.idea.vfilefinder.KotlinPackageSourcesMemberNamesIndex(v = 2),Stubs(v = 46),json.file.root.values(v = 5),org.jetbrains.kotlin.idea.versions.KotlinJvmMetadataVersionIndex(v = 5),org.jetbrains.kotlin.idea.vfilefinder.KotlinMetadataFileIndex(v = 2),RelaxSymbolIndex(v = 0),org.jetbrains.kotlin.idea.vfilefinder.KotlinPartialPackageNamesIndex(v = 5),XmlTagNames(v = 1),org.jetbrains.kotlin.idea.base.indices.names.KotlinTopLevelCallableByPackageShortNameIndex(v = 3),Trigram.Index(v = 4),yaml.keys.name(v = 1),org.jetbrains.kotlin.idea.vfilefinder.KotlinMetadataFilePackageIndex(v = 2),org.jetbrains.kotlin.idea.versions.KotlinJsMetadataVersionIndex(v = 3),DomFileIndex(v = 0),org.jetbrains.kotlin.idea.vfilefinder.KotlinJvmModuleAnnotationsIndex(v = 1),java.binary.plus.expression(v = 4),javafx.custom.component(v = 2)
2026-06-15 13:03:58,386 [   1487]   INFO - #c.i.u.i.FileBasedIndexImpl - Using nice flusher for indexes
2026-06-15 13:03:58,389 [   1490]   INFO - #c.i.u.i.IndexDataInitializer - Index data initialization done: 169 ms. Initialized indexes: [FilenameIndex, TodoIndex, Trigram.Index, html5.custom.attributes.index, DomFileIndex, XmlNamespaces, SchemaTypeInheritance, RelaxSymbolIndex, XmlTagNames, filetypes, fileIncludes, FrameworkDetectionIndex, IdIndex, java.auto.module.name, HtmlTagIdIndex, json.file.root.values, yaml.keys.name, JavaFxControllerClassIndex, xmlProperties, java.null.method.argument, javafx.custom.component, java.fun.expression, editorconfig.index.name, java.binary.plus.expression, org.jetbrains.kotlin.idea.versions.KotlinJvmMetadataVersionIndex, bytecodeAnalysis, java.source.module.name, javafx.id.name, org.jetbrains.kotlin.idea.versions.KotlinJsMetadataVersionIndex, org.jetbrains.kotlin.idea.vfilefinder.KotlinClassFileIndex, org.jetbrains.kotlin.idea.vfilefinder.KotlinPartialPackageNamesIndex, org.jetbrains.kotlin.idea.base.indices.names.KotlinTopLevelCallableByPackageShortNameIndex, org.jetbrains.kotlin.idea.vfilefinder.KotlinMetadataFileIndex, org.jetbrains.kotlin.idea.vfilefinder.KotlinStdlibIndex, org.jetbrains.kotlin.idea.vfilefinder.KotlinJavaScriptMetaFileIndex, org.jetbrains.kotlin.idea.vfilefinder.KotlinModuleMappingIndex, org.jetbrains.kotlin.idea.vfilefinder.KotlinBuiltInsMetadataIndex, org.jetbrains.kotlin.idea.vfilefinder.KotlinJvmModuleAnnotationsIndex, org.jetbrains.kotlin.idea.vfilefinder.KotlinShortClassNameFileIndex, org.jetbrains.kotlin.idea.vfilefinder.KlibMetaFileIndex, org.jetbrains.kotlin.idea.vfilefinder.KotlinPackageSourcesMemberNamesIndex, org.jetbrains.kotlin.idea.vfilefinder.KotlinMetadataFilePackageIndex, Stubs, com.intellij.uiDesigner.FormClassIndex, org.jetbrains.kotlin.idea.base.indices.names.KotlinTopLevelClassLikeDeclarationByPackageShortNameIndex].
2026-06-15 13:03:58,427 [   1528]   INFO - #JetprofileSource - No valid license found
2026-06-15 13:03:58,485 [   1586]   INFO - #c.i.p.s.StubIndexImpl - Following stub indices will be built:java.module.name(v = 4),org.jetbrains.kotlin.idea.stubindex.KotlinSubclassObjectNameIndex(v = 2),gr.annot.members(v = 5),gr.annot.method.name(v = 5),org.jetbrains.kotlin.idea.stubindex.KotlinTypeAliasShortNameIndex(v = 2),org.jetbrains.kotlin.idea.stubindex.KotlinTopLevelFunctionFqnNameIndex(v = 2),org.jetbrains.kotlin.idea.stubindex.KotlinInnerTypeAliasClassIdIndex(v = 2),org.jetbrains.kotlin.idea.stubindex.KotlinMultifileClassPartIndex(v = 2),gr.script.class(v = 5),java.class.extlist(v = 3),org.jetbrains.kotlin.idea.stubindex.KotlinTopLevelFunctionByPackageIndex(v = 2),org.jetbrains.kotlin.idea.stubindex.KotlinTopLevelExtensionsByReceiverTypeIndex(v = 3),gr.field.name(v = 5),java.method.parameter.types(v = 3),java.annotations(v = 2),java.field.name(v = 2),kotlin.primeIndexKey(v = 2),markdown.header(v = 2),jvm.static.member.name(v = 2),org.jetbrains.kotlin.idea.stubindex.KotlinExactPackagesIndex(v = 2),org.jetbrains.kotlin.idea.stubindex.KotlinTopLevelTypeAliasByPackageIndex(v = 2),org.jetbrains.kotlin.idea.stubindex.KotlinFullClassNameIndex(v = 2),org.jetbrains.kotlin.idea.stubindex.KotlinTopLevelPropertyFqnNameIndex(v = 2),jvm.static.member.type(v = 2),org.jetbrains.kotlin.idea.stubindex.KotlinProbablyNothingFunctionShortNameIndex(v = 2),org.jetbrains.kotlin.idea.stubindex.KotlinAnnotationsIndex(v = 3),gr.class.fqn.s(v = 5),java.method.name(v = 2),org.jetbrains.kotlin.idea.stubindex.KotlinFunctionShortNameIndex(v = 2),org.jetbrains.kotlin.idea.stubindex.KotlinTopLevelTypeAliasFqNameIndex(v = 2),org.jetbrains.kotlin.idea.stubindex.KotlinScriptFqnIndex(v = 2),org.jetbrains.kotlin.idea.stubindex.KotlinTypeAliasByExpansionShortNameIndex(v = 2),dom.elementClass(v = 0),java.anonymous.baseref(v = 2),org.jetbrains.kotlin.idea.stubindex.KotlinProbablyContractedFunctionShortNameIndex(v = 2),org.jetbrains.kotlin.idea.stubindex.KotlinFileFacadeClassByPackageIndex(v = 2),org.jetbrains.kotlin.idea.stubindex.KotlinTopLevelClassByPackageIndex(v = 2),org.jetbrains.kotlin.idea.stubindex.KotlinExtensionsInObjectsByReceiverTypeIndex(v = 2),java.unnamed.class(v = 2),dom.namespaceKey(v = 1),org.jetbrains.kotlin.idea.stubindex.KotlinOverridableInternalMembersShortNameIndex(v = 2),markdown.header.anchor(v = 2),org.jetbrains.kotlin.idea.stubindex.KotlinFileFacadeFqNameIndex(v = 2),gr.class.super(v = 5),org.jetbrains.kotlin.idea.stubindex.KotlinFileFacadeShortNameIndex(v = 2),org.jetbrains.kotlin.idea.stubindex.KotlinClassShortNameIndex(v = 2),org.jetbrains.kotlin.idea.stubindex.KotlinPropertyShortNameIndex(v = 2),org.jetbrains.kotlin.idea.stubindex.KotlinSuperClassIndex(v = 2),org.jetbrains.kotlin.idea.stubindex.KotlinFilePartClassIndex(v = 2),org.jetbrains.kotlin.idea.stubindex.KotlinTopLevelPropertyByPackageIndex(v = 2),properties.index(v = 2),org.jetbrains.kotlin.idea.stubindex.KotlinJvmNameAnnotationIndex(v = 2),java.class.fqn(v = 1),gr.anonymous.class(v = 6),org.jetbrains.kotlin.idea.stubindex.KotlinProbablyNothingPropertyShortNameIndex(v = 2),gr.script.fqn.s(v = 5),java.class.shortname(v = 4),gr.method.name(v = 5)
2026-06-15 13:03:58,492 [   1593]   INFO - #c.i.u.i.IndexDataInitializer - Index data initialization done: 102 ms. Initialized stub indexes: {gr.script.fqn.s, org.jetbrains.kotlin.idea.stubindex.KotlinTypeAliasByExpansionShortNameIndex, org.jetbrains.kotlin.idea.stubindex.KotlinJvmNameAnnotationIndex, jvm.static.member.name, java.method.name, java.class.extlist, org.jetbrains.kotlin.idea.stubindex.KotlinExactPackagesIndex, org.jetbrains.kotlin.idea.stubindex.KotlinTopLevelTypeAliasByPackageIndex, java.class.shortname, org.jetbrains.kotlin.idea.stubindex.KotlinPropertyShortNameIndex, org.jetbrains.kotlin.idea.stubindex.KotlinFileFacadeFqNameIndex, org.jetbrains.kotlin.idea.stubindex.KotlinFilePartClassIndex, org.jetbrains.kotlin.idea.stubindex.KotlinScriptFqnIndex, java.field.name, properties.index, org.jetbrains.kotlin.idea.stubindex.KotlinTopLevelExtensionsByReceiverTypeIndex, org.jetbrains.kotlin.idea.stubindex.KotlinMultifileClassPartIndex, org.jetbrains.kotlin.idea.stubindex.KotlinTopLevelTypeAliasFqNameIndex, java.unnamed.class, gr.class.super, org.jetbrains.kotlin.idea.stubindex.KotlinProbablyNothingFunctionShortNameIndex, gr.class.fqn.s, org.jetbrains.kotlin.idea.stubindex.KotlinTopLevelFunctionFqnNameIndex, java.module.name, org.jetbrains.kotlin.idea.stubindex.KotlinInnerTypeAliasClassIdIndex, org.jetbrains.kotlin.idea.stubindex.KotlinExtensionsInObjectsByReceiverTypeIndex, org.jetbrains.kotlin.idea.stubindex.KotlinOverridableInternalMembersShortNameIndex, markdown.header.anchor, org.jetbrains.kotlin.idea.stubindex.KotlinSubclassObjectNameIndex, kotlin.primeIndexKey, org.jetbrains.kotlin.idea.stubindex.KotlinTypeAliasShortNameIndex, org.jetbrains.kotlin.idea.stubindex.KotlinFileFacadeClassByPackageIndex, java.annotations, org.jetbrains.kotlin.idea.stubindex.KotlinFullClassNameIndex, gr.field.name, java.class.fqn, jvm.static.member.type, gr.script.class, org.jetbrains.kotlin.idea.stubindex.KotlinTopLevelFunctionByPackageIndex, org.jetbrains.kotlin.idea.stubindex.KotlinClassShortNameIndex, markdown.header, gr.method.name, org.jetbrains.kotlin.idea.stubindex.KotlinTopLevelPropertyFqnNameIndex, dom.elementClass, java.anonymous.baseref, org.jetbrains.kotlin.idea.stubindex.KotlinFileFacadeShortNameIndex, org.jetbrains.kotlin.idea.stubindex.KotlinProbablyContractedFunctionShortNameIndex, java.method.parameter.types, dom.namespaceKey, org.jetbrains.kotlin.idea.stubindex.KotlinTopLevelPropertyByPackageIndex, org.jetbrains.kotlin.idea.stubindex.KotlinTopLevelClassByPackageIndex, gr.annot.members, gr.annot.method.name, org.jetbrains.kotlin.idea.stubindex.KotlinProbablyNothingPropertyShortNameIndex, org.jetbrains.kotlin.idea.stubindex.KotlinAnnotationsIndex, org.jetbrains.kotlin.idea.stubindex.KotlinFunctionShortNameIndex, gr.anonymous.class, org.jetbrains.kotlin.idea.stubindex.KotlinSuperClassIndex}.
2026-06-15 13:03:59,139 [   2240]   WARN - #c.i.s.ComponentManagerImpl - org.zmlx.hg4idea.provider.HgChangeProvider initializer requests com.intellij.openapi.vcs.FileStatusFactory instance
2026-06-15 13:03:59,774 [   2875]   INFO - #c.i.i.p.n.PluginsGroupComponentWithProgress - Marketplace tab: loading stopped
2026-06-15 13:03:59,785 [   2886]   INFO - #c.i.i.p.PluginManagerConfigurable - Marketplace tab: 'Staff Picks' group load started
2026-06-15 13:04:00,139 [   3240]   INFO - #c.i.i.p.PluginManagerConfigurable - Marketplace tab: 'Staff Picks' group load finished
2026-06-15 13:04:00,139 [   3240]   INFO - #c.i.i.p.PluginManagerConfigurable - Marketplace tab: 'New and Updated' group load started
2026-06-15 13:04:00,330 [   3431]   WARN - #c.i.s.ComponentManagerImpl - com.intellij.codeInsight.daemon.LineMarkerProviders initializer requests com.intellij.codeInsight.daemon.LineMarkerProviders instance
2026-06-15 13:04:00,522 [   3623]   INFO - #c.i.i.p.PluginManagerConfigurable - Marketplace tab: 'New and Updated' group load finished
2026-06-15 13:04:00,522 [   3623]   INFO - #c.i.i.p.PluginManagerConfigurable - Marketplace tab: 'Top Downloads' group load started
2026-06-15 13:04:00,711 [   3812]   INFO - #c.i.o.a.i.NonBlockingReadActionImpl - OTel monitoring for NonBlockingReadAction is enabled
2026-06-15 13:04:00,789 [   3890]   INFO - #c.i.i.p.PluginManagerConfigurable - Marketplace tab: 'Top Downloads' group load finished
2026-06-15 13:04:00,790 [   3891]   INFO - #c.i.i.p.PluginManagerConfigurable - Marketplace tab: 'Top Rated' group load started
2026-06-15 13:04:01,055 [   4156]   INFO - #c.i.i.p.PluginManagerConfigurable - Marketplace tab: 'Top Rated' group load finished
2026-06-15 13:04:01,080 [   4181]   WARN - #c.i.s.ComponentManagerImpl - com.intellij.psi.LanguageSubstitutors initializer requests com.intellij.psi.LanguageSubstitutors instance
2026-06-15 13:04:01,984 [   5085]   INFO - #c.i.r.OsRegistryConfigProvider - Looking for 'lobbyServerUrl' value in [/Library/Application Support/JetBrains/CodeWithMe/lobbyServerUrl, /Library/Application Support/JetBrains/CodeWithMe/config.json, /Users/ti/Library/Application Support/JetBrains/CodeWithMe/lobbyServerUrl, /Users/ti/Library/Application Support/JetBrains/CodeWithMe/config.json]
2026-06-15 13:04:01,985 [   5086]   INFO - #c.i.r.OsRegistryConfigProvider - OS provided value for 'lobbyServerUrl' is not found
2026-06-15 13:04:01,985 [   5086]   INFO - #c.j.r.p.c.u.CodeWithMeSystemSettings - Setting default value='https://code-with-me.jetbrains.com'
2026-06-15 13:04:01,992 [   5093]   INFO - #c.i.r.OsRegistryConfigProvider - Looking for 'lobbyServerUrl' value in [/Library/Application Support/JetBrains/CodeWithMe/lobbyServerUrl, /Library/Application Support/JetBrains/CodeWithMe/config.json, /Users/ti/Library/Application Support/JetBrains/CodeWithMe/lobbyServerUrl, /Users/ti/Library/Application Support/JetBrains/CodeWithMe/config.json]
2026-06-15 13:04:01,992 [   5093]   INFO - #c.i.r.OsRegistryConfigProvider - OS provided value for 'lobbyServerUrl' is not found
2026-06-15 13:04:01,992 [   5093]   INFO - #c.j.r.p.c.u.CodeWithMeSystemSettings - Setting default value='https://code-with-me.jetbrains.com'
2026-06-15 13:04:02,113 [   5214]   WARN - #c.i.s.ComponentManagerImpl - com.intellij.psi.codeStyle.CodeStyleSettingsCustomizable initializer requests com.intellij.util.LocaleSensitiveApplicationCacheService instance
2026-06-15 13:04:02,744 [   5845]   WARN - #c.i.u.j.JBCefApp - JCEF is manually disabled in headless env via 'ide.browser.jcef.headless.enabled=false'
2026-06-15 13:04:02,747 [   5848]   INFO - #org.intellij.plugins.markdown.settings.MarkdownSettings - Migrating Markdown settings
2026-06-15 13:04:03,200 [   6301]   INFO - STDOUT - Found 205 configurables
2026-06-15 13:04:03,235 [   6336]   INFO - #c.i.i.p.n.PluginsGroupComponentWithProgress - Marketplace tab: loading stopped
2026-06-15 13:04:03,915 [   7016]   INFO - STDOUT - Output written to /Users/ti/IdeaProjects/Animoria/packages/animoria-jetbrains/build/searchableOptions/textmate.jar/search/textmate.jar.searchableOptions.xml
2026-06-15 13:04:03,918 [   7019]   INFO - STDOUT - Output written to /Users/ti/IdeaProjects/Animoria/packages/animoria-jetbrains/build/searchableOptions/markdown.jar/search/markdown.jar.searchableOptions.xml
2026-06-15 13:04:03,919 [   7020]   INFO - STDOUT - Output written to /Users/ti/IdeaProjects/Animoria/packages/animoria-jetbrains/build/searchableOptions/IntelliLang.jar/search/IntelliLang.jar.searchableOptions.xml
2026-06-15 13:04:03,919 [   7020]   INFO - STDOUT - Output written to /Users/ti/IdeaProjects/Animoria/packages/animoria-jetbrains/build/searchableOptions/eclipse.jar/search/eclipse.jar.searchableOptions.xml
2026-06-15 13:04:03,920 [   7021]   INFO - STDOUT - Output written to /Users/ti/IdeaProjects/Animoria/packages/animoria-jetbrains/build/searchableOptions/tasks-core.jar/search/tasks-core.jar.searchableOptions.xml
2026-06-15 13:04:03,920 [   7021]   INFO - STDOUT - Output written to /Users/ti/IdeaProjects/Animoria/packages/animoria-jetbrains/build/searchableOptions/sh.jar/search/sh.jar.searchableOptions.xml
2026-06-15 13:04:03,920 [   7021]   INFO - STDOUT - Output written to /Users/ti/IdeaProjects/Animoria/packages/animoria-jetbrains/build/searchableOptions/java-coverage.jar/search/java-coverage.jar.searchableOptions.xml
2026-06-15 13:04:03,920 [   7021]   INFO - STDOUT - Output written to /Users/ti/IdeaProjects/Animoria/packages/animoria-jetbrains/build/searchableOptions/java-impl.jar!/search/java-impl.jar!.searchableOptions.xml
2026-06-15 13:04:03,921 [   7022]   INFO - STDOUT - Output written to /Users/ti/IdeaProjects/Animoria/packages/animoria-jetbrains/build/searchableOptions/javaFX.jar!/search/javaFX.jar!.searchableOptions.xml
2026-06-15 13:04:03,921 [   7022]   INFO - STDOUT - Output written to /Users/ti/IdeaProjects/Animoria/packages/animoria-jetbrains/build/searchableOptions/searchEverywhereMl.jar/search/searchEverywhereMl.jar.searchableOptions.xml
2026-06-15 13:04:03,921 [   7022]   INFO - STDOUT - Output written to /Users/ti/IdeaProjects/Animoria/packages/animoria-jetbrains/build/searchableOptions/idea-junit.jar!/search/idea-junit.jar!.searchableOptions.xml
2026-06-15 13:04:03,922 [   7023]   INFO - STDOUT - Output written to /Users/ti/IdeaProjects/Animoria/packages/animoria-jetbrains/build/searchableOptions/uiDesigner.jar/search/uiDesigner.jar.searchableOptions.xml
2026-06-15 13:04:03,922 [   7023]   INFO - STDOUT - Output written to /Users/ti/IdeaProjects/Animoria/packages/animoria-jetbrains/build/searchableOptions/javaFX.jar/search/javaFX.jar.searchableOptions.xml
2026-06-15 13:04:03,923 [   7024]   INFO - STDOUT - Output written to /Users/ti/IdeaProjects/Animoria/packages/animoria-jetbrains/build/searchableOptions/dev.jar/search/dev.jar.searchableOptions.xml
2026-06-15 13:04:03,923 [   7024]   INFO - STDOUT - Output written to /Users/ti/IdeaProjects/Animoria/packages/animoria-jetbrains/build/searchableOptions/space.jar/search/space.jar.searchableOptions.xml
2026-06-15 13:04:03,923 [   7024]   INFO - STDOUT - Output written to /Users/ti/IdeaProjects/Animoria/packages/animoria-jetbrains/build/searchableOptions/cwm-plugin-terminal.jar/search/cwm-plugin-terminal.jar.searchableOptions.xml
2026-06-15 13:04:03,924 [   7025]   INFO - STDOUT - Output written to /Users/ti/IdeaProjects/Animoria/packages/animoria-jetbrains/build/searchableOptions/vcs-svn.jar/search/vcs-svn.jar.searchableOptions.xml
2026-06-15 13:04:03,925 [   7026]   INFO - STDOUT - Output written to /Users/ti/IdeaProjects/Animoria/packages/animoria-jetbrains/build/searchableOptions/byteCodeViewer.jar/search/byteCodeViewer.jar.searchableOptions.xml
2026-06-15 13:04:03,925 [   7026]   INFO - STDOUT - Output written to /Users/ti/IdeaProjects/Animoria/packages/animoria-jetbrains/build/searchableOptions/testng-plugin.jar!/search/testng-plugin.jar!.searchableOptions.xml
2026-06-15 13:04:03,925 [   7026]   INFO - STDOUT - Output written to /Users/ti/IdeaProjects/Animoria/packages/animoria-jetbrains/build/searchableOptions/marketplace.jar/search/marketplace.jar.searchableOptions.xml
2026-06-15 13:04:03,927 [   7028]   INFO - STDOUT - Output written to /Users/ti/IdeaProjects/Animoria/packages/animoria-jetbrains/build/searchableOptions/maven.jar/search/maven.jar.searchableOptions.xml
2026-06-15 13:04:03,927 [   7028]   INFO - STDOUT - Output written to /Users/ti/IdeaProjects/Animoria/packages/animoria-jetbrains/build/searchableOptions/copyright.jar/search/copyright.jar.searchableOptions.xml
2026-06-15 13:04:03,928 [   7029]   INFO - STDOUT - Output written to /Users/ti/IdeaProjects/Animoria/packages/animoria-jetbrains/build/searchableOptions/maven.jar!/search/maven.jar!.searchableOptions.xml
2026-06-15 13:04:03,929 [   7030]   INFO - STDOUT - Output written to /Users/ti/IdeaProjects/Animoria/packages/animoria-jetbrains/build/searchableOptions/Groovy.jar/search/Groovy.jar.searchableOptions.xml
2026-06-15 13:04:03,930 [   7031]   INFO - STDOUT - Output written to /Users/ti/IdeaProjects/Animoria/packages/animoria-jetbrains/build/searchableOptions/terminal.jar/search/terminal.jar.searchableOptions.xml
2026-06-15 13:04:03,930 [   7031]   INFO - STDOUT - Output written to /Users/ti/IdeaProjects/Animoria/packages/animoria-jetbrains/build/searchableOptions/gradle-java.jar/search/gradle-java.jar.searchableOptions.xml
2026-06-15 13:04:03,930 [   7031]   INFO - STDOUT - Output written to /Users/ti/IdeaProjects/Animoria/packages/animoria-jetbrains/build/searchableOptions/performanceTesting-async.jar/search/performanceTesting-async.jar.searchableOptions.xml
2026-06-15 13:04:03,931 [   7032]   INFO - STDOUT - Output written to /Users/ti/IdeaProjects/Animoria/packages/animoria-jetbrains/build/searchableOptions/properties.jar/search/properties.jar.searchableOptions.xml
2026-06-15 13:04:03,934 [   7035]   INFO - STDOUT - Output written to /Users/ti/IdeaProjects/Animoria/packages/animoria-jetbrains/build/searchableOptions/java-impl.jar/search/java-impl.jar.searchableOptions.xml
2026-06-15 13:04:03,941 [   7042]   INFO - STDOUT - Output written to /Users/ti/IdeaProjects/Animoria/packages/animoria-jetbrains/build/searchableOptions/app-client.jar/search/app-client.jar.searchableOptions.xml
2026-06-15 13:04:03,942 [   7043]   INFO - STDOUT - Output written to /Users/ti/IdeaProjects/Animoria/packages/animoria-jetbrains/build/searchableOptions/html-tools.jar/search/html-tools.jar.searchableOptions.xml
2026-06-15 13:04:03,942 [   7043]   INFO - STDOUT - Output written to /Users/ti/IdeaProjects/Animoria/packages/animoria-jetbrains/build/searchableOptions/vcs-perforce.jar/search/vcs-perforce.jar.searchableOptions.xml
2026-06-15 13:04:03,942 [   7043]   INFO - STDOUT - Output written to /Users/ti/IdeaProjects/Animoria/packages/animoria-jetbrains/build/searchableOptions/java-debugger-streams.jar/search/java-debugger-streams.jar.searchableOptions.xml
2026-06-15 13:04:03,942 [   7043]   INFO - STDOUT - Output written to /Users/ti/IdeaProjects/Animoria/packages/animoria-jetbrains/build/searchableOptions/gradle.jar/search/gradle.jar.searchableOptions.xml
2026-06-15 13:04:03,942 [   7043]   INFO - STDOUT - Output written to /Users/ti/IdeaProjects/Animoria/packages/animoria-jetbrains/build/searchableOptions/testng-plugin.jar/search/testng-plugin.jar.searchableOptions.xml
2026-06-15 13:04:03,943 [   7044]   INFO - STDOUT - Output written to /Users/ti/IdeaProjects/Animoria/packages/animoria-jetbrains/build/searchableOptions/grazie.jar/search/grazie.jar.searchableOptions.xml
2026-06-15 13:04:03,943 [   7044]   INFO - STDOUT - Output written to /Users/ti/IdeaProjects/Animoria/packages/animoria-jetbrains/build/searchableOptions/qodana.jar/search/qodana.jar.searchableOptions.xml
2026-06-15 13:04:03,945 [   7046]   INFO - STDOUT - Output written to /Users/ti/IdeaProjects/Animoria/packages/animoria-jetbrains/build/searchableOptions/app.jar/search/app.jar.searchableOptions.xml
2026-06-15 13:04:03,945 [   7046]   INFO - STDOUT - Output written to /Users/ti/IdeaProjects/Animoria/packages/animoria-jetbrains/build/searchableOptions/completionMlRanking.jar/search/completionMlRanking.jar.searchableOptions.xml
2026-06-15 13:04:03,945 [   7046]   INFO - STDOUT - Output written to /Users/ti/IdeaProjects/Animoria/packages/animoria-jetbrains/build/searchableOptions/java-decompiler.jar/search/java-decompiler.jar.searchableOptions.xml
2026-06-15 13:04:03,946 [   7047]   INFO - STDOUT - Output written to /Users/ti/IdeaProjects/Animoria/packages/animoria-jetbrains/build/searchableOptions/vcs-hg.jar/search/vcs-hg.jar.searchableOptions.xml
2026-06-15 13:04:03,946 [   7047]   INFO - STDOUT - Output written to /Users/ti/IdeaProjects/Animoria/packages/animoria-jetbrains/build/searchableOptions/performanceTesting.jar/search/performanceTesting.jar.searchableOptions.xml
2026-06-15 13:04:03,946 [   7047]   INFO - STDOUT - Output written to /Users/ti/IdeaProjects/Animoria/packages/animoria-jetbrains/build/searchableOptions/vcs-gitlab.jar/search/vcs-gitlab.jar.searchableOptions.xml
2026-06-15 13:04:03,947 [   7048]   INFO - STDOUT - Output written to /Users/ti/IdeaProjects/Animoria/packages/animoria-jetbrains/build/searchableOptions/cwm-common.jar/search/cwm-common.jar.searchableOptions.xml
2026-06-15 13:04:03,947 [   7048]   INFO - STDOUT - Output written to /Users/ti/IdeaProjects/Animoria/packages/animoria-jetbrains/build/searchableOptions/java-i18n.jar/search/java-i18n.jar.searchableOptions.xml
2026-06-15 13:04:03,947 [   7048]   INFO - STDOUT - Output written to /Users/ti/IdeaProjects/Animoria/packages/animoria-jetbrains/build/searchableOptions/Groovy.jar!/search/Groovy.jar!.searchableOptions.xml
2026-06-15 13:04:03,947 [   7048]   INFO - STDOUT - Output written to /Users/ti/IdeaProjects/Animoria/packages/animoria-jetbrains/build/searchableOptions/emojipicker.jar/search/emojipicker.jar.searchableOptions.xml
2026-06-15 13:04:03,947 [   7048]   INFO - STDOUT - Output written to /Users/ti/IdeaProjects/Animoria/packages/animoria-jetbrains/build/searchableOptions/toml.jar/search/toml.jar.searchableOptions.xml
2026-06-15 13:04:03,948 [   7049]   INFO - STDOUT - Output written to /Users/ti/IdeaProjects/Animoria/packages/animoria-jetbrains/build/searchableOptions/platform-ijent-impl.jar/search/platform-ijent-impl.jar.searchableOptions.xml
2026-06-15 13:04:03,948 [   7049]   INFO - STDOUT - Output written to /Users/ti/IdeaProjects/Animoria/packages/animoria-jetbrains/build/searchableOptions/idea-junit.jar/search/idea-junit.jar.searchableOptions.xml
2026-06-15 13:04:03,948 [   7049]   INFO - STDOUT - Output written to /Users/ti/IdeaProjects/Animoria/packages/animoria-jetbrains/build/searchableOptions/yaml.jar/search/yaml.jar.searchableOptions.xml
2026-06-15 13:04:03,949 [   7050]   INFO - STDOUT - Output written to /Users/ti/IdeaProjects/Animoria/packages/animoria-jetbrains/build/searchableOptions/packageChecker.jar/search/packageChecker.jar.searchableOptions.xml
2026-06-15 13:04:03,949 [   7050]   INFO - STDOUT - Output written to /Users/ti/IdeaProjects/Animoria/packages/animoria-jetbrains/build/searchableOptions/platform-tracing-ide.jar/search/platform-tracing-ide.jar.searchableOptions.xml
2026-06-15 13:04:03,950 [   7051]   INFO - STDOUT - Output written to /Users/ti/IdeaProjects/Animoria/packages/animoria-jetbrains/build/searchableOptions/editorconfig.jar/search/editorconfig.jar.searchableOptions.xml
2026-06-15 13:04:03,951 [   7052]   INFO - STDOUT - Output written to /Users/ti/IdeaProjects/Animoria/packages/animoria-jetbrains/build/searchableOptions/vcs-github.jar/search/vcs-github.jar.searchableOptions.xml
2026-06-15 13:04:03,951 [   7052]   INFO - STDOUT - Output written to /Users/ti/IdeaProjects/Animoria/packages/animoria-jetbrains/build/searchableOptions/platform-langInjection.jar/search/platform-langInjection.jar.searchableOptions.xml
2026-06-15 13:04:03,951 [   7052]   INFO - STDOUT - Output written to /Users/ti/IdeaProjects/Animoria/packages/animoria-jetbrains/build/searchableOptions/platform-images.jar/search/platform-images.jar.searchableOptions.xml
2026-06-15 13:04:03,952 [   7053]   INFO - STDOUT - Output written to /Users/ti/IdeaProjects/Animoria/packages/animoria-jetbrains/build/searchableOptions/vcs-git.jar/search/vcs-git.jar.searchableOptions.xml
2026-06-15 13:04:03,953 [   7054]   INFO - STDOUT - Output written to /Users/ti/IdeaProjects/Animoria/packages/animoria-jetbrains/build/searchableOptions/kotlin-plugin.jar/search/kotlin-plugin.jar.searchableOptions.xml
2026-06-15 13:04:03,953 [   7054]   INFO - STDOUT - Output written to /Users/ti/IdeaProjects/Animoria/packages/animoria-jetbrains/build/searchableOptions/modules.jar/search/modules.jar.searchableOptions.xml
2026-06-15 13:04:03,953 [   7054]   INFO - STDOUT - Output written to /Users/ti/IdeaProjects/Animoria/packages/animoria-jetbrains/build/searchableOptions/indexing-shared.jar/search/indexing-shared.jar.searchableOptions.xml
2026-06-15 13:04:03,953 [   7054]   INFO - STDOUT - Output written to /Users/ti/IdeaProjects/Animoria/packages/animoria-jetbrains/build/searchableOptions/featuresTrainer.jar/search/featuresTrainer.jar.searchableOptions.xml
2026-06-15 13:04:03,954 [   7055]   INFO - STDOUT - Output written to /Users/ti/IdeaProjects/Animoria/packages/animoria-jetbrains/build/searchableOptions/kotlin-plugin.jar!/search/kotlin-plugin.jar!.searchableOptions.xml
2026-06-15 13:04:03,954 [   7055]   INFO - STDOUT - Output written to /Users/ti/IdeaProjects/Animoria/packages/animoria-jetbrains/build/searchableOptions/cwm-host.jar/search/cwm-host.jar.searchableOptions.xml
2026-06-15 13:04:03,954 [   7055]   INFO - STDOUT - Output written to /Users/ti/IdeaProjects/Animoria/packages/animoria-jetbrains/build/searchableOptions/gradle-java-maven.jar/search/gradle-java-maven.jar.searchableOptions.xml
2026-06-15 13:04:03,954 [   7055]   INFO - STDOUT - Output written to /Users/ti/IdeaProjects/Animoria/packages/animoria-jetbrains/build/searchableOptions/settingsSync.jar/search/settingsSync.jar.searchableOptions.xml
2026-06-15 13:04:03,954 [   7055]   INFO - STDOUT - Searchable options index builder completed
2026-06-15 13:04:03,955 [   7056]   INFO - #c.i.u.i.FileBasedIndexImpl - Index dispose started
2026-06-15 13:04:03,968 [   7069]   INFO - #c.i.p.s.StubIndexImpl - StubIndexExtension-s were unloaded
2026-06-15 13:04:03,968 [   7069]   INFO - #c.i.p.s.SerializationManagerImpl - Start shutting down /Users/ti/IdeaProjects/Animoria/packages/animoria-jetbrains/build/idea-sandbox/system/index/rep.names
2026-06-15 13:04:03,968 [   7069]   INFO - #c.i.p.s.SerializationManagerImpl - Finished shutting down /Users/ti/IdeaProjects/Animoria/packages/animoria-jetbrains/build/idea-sandbox/system/index/rep.names
2026-06-15 13:04:03,969 [   7070]   INFO - #c.i.u.i.FileBasedIndexImpl - Index dispose completed in 14ms.
2026-06-15 13:04:03,971 [   7072]   INFO - #c.i.o.v.n.p.PersistentFSImpl - VFS dispose started
2026-06-15 13:04:04,001 [   7102]   INFO - #c.i.o.v.n.p.PersistentFSImpl - VFS dispose completed in 30ms.
2026-06-15 13:04:04,009 [   7110]   INFO - #c.i.p.i.b.AppStarter - ------------------------------------------------------ IDE SHUTDOWN ------------------------------------------------------
